<?xml version="1.0" encoding="UTF-8"?>
<testng-results skipped="0" failed="0" ignored="0" total="4" passed="4">
  <reporter-output>
  </reporter-output>
  <suite name="search-module" duration-ms="56793" started-at="2020-05-20T22:54:47 GMT" finished-at="2020-05-20T22:55:44 GMT">
    <groups>
    </groups>
    <test name="search-test-java" duration-ms="16226" started-at="2020-05-20T22:54:47 GMT" finished-at="2020-05-20T22:55:04 GMT">
      <class name="com.searchmodule.tests.SearchTest">
        <test-method status="PASS" signature="setupDriver(org.testng.ITestContext)[pri:0, instance:com.searchmodule.tests.SearchTest@3c09711b]" name="setupDriver" is-config="true" duration-ms="7318" started-at="2020-05-20T22:54:47 GMT" finished-at="2020-05-20T22:54:55 GMT">
          <params>
            <param index="0">
              <value>
                <![CDATA[org.testng.TestRunner@479460a6]]>
              </value>
            </param>
          </params>
          <reporter-output>
          </reporter-output>
        </test-method> <!-- setupDriver -->
        <test-method status="PASS" signature="search(java.lang.String)[pri:0, instance:com.searchmodule.tests.SearchTest@3c09711b]" name="search" duration-ms="8731" started-at="2020-05-20T22:54:55 GMT" finished-at="2020-05-20T22:55:04 GMT">
          <params>
            <param index="0">
              <value>
                <![CDATA[java]]>
              </value>
            </param>
          </params>
          <reporter-output>
          </reporter-output>
        </test-method> <!-- search -->
        <test-method status="PASS" signature="quitDriver()[pri:0, instance:com.searchmodule.tests.SearchTest@3c09711b]" name="quitDriver" is-config="true" duration-ms="97" started-at="2020-05-20T22:55:04 GMT" finished-at="2020-05-20T22:55:04 GMT">
          <reporter-output>
          </reporter-output>
        </test-method> <!-- quitDriver -->
      </class> <!-- com.searchmodule.tests.SearchTest -->
    </test> <!-- search-test-java -->
    <test name="search-test-webdriver" duration-ms="10868" started-at="2020-05-20T22:55:04 GMT" finished-at="2020-05-20T22:55:15 GMT">
      <class name="com.searchmodule.tests.SearchTest">
        <test-method status="PASS" signature="setupDriver(org.testng.ITestContext)[pri:0, instance:com.searchmodule.tests.SearchTest@23ceabc1]" name="setupDriver" is-config="true" duration-ms="3171" started-at="2020-05-20T22:55:04 GMT" finished-at="2020-05-20T22:55:07 GMT">
          <params>
            <param index="0">
              <value>
                <![CDATA[org.testng.TestRunner@7164ca4c]]>
              </value>
            </param>
          </params>
          <reporter-output>
          </reporter-output>
        </test-method> <!-- setupDriver -->
        <test-method status="PASS" signature="search(java.lang.String)[pri:0, instance:com.searchmodule.tests.SearchTest@23ceabc1]" name="search" duration-ms="7625" started-at="2020-05-20T22:55:07 GMT" finished-at="2020-05-20T22:55:15 GMT">
          <params>
            <param index="0">
              <value>
                <![CDATA[webdriver]]>
              </value>
            </param>
          </params>
          <reporter-output>
          </reporter-output>
        </test-method> <!-- search -->
        <test-method status="PASS" signature="quitDriver()[pri:0, instance:com.searchmodule.tests.SearchTest@23ceabc1]" name="quitDriver" is-config="true" duration-ms="69" started-at="2020-05-20T22:55:15 GMT" finished-at="2020-05-20T22:55:15 GMT">
          <reporter-output>
          </reporter-output>
        </test-method> <!-- quitDriver -->
      </class> <!-- com.searchmodule.tests.SearchTest -->
    </test> <!-- search-test-webdriver -->
    <test name="search-test-docker" duration-ms="17976" started-at="2020-05-20T22:55:15 GMT" finished-at="2020-05-20T22:55:33 GMT">
      <class name="com.searchmodule.tests.SearchTest">
        <test-method status="PASS" signature="setupDriver(org.testng.ITestContext)[pri:0, instance:com.searchmodule.tests.SearchTest@643b1d11]" name="setupDriver" is-config="true" duration-ms="3977" started-at="2020-05-20T22:55:15 GMT" finished-at="2020-05-20T22:55:19 GMT">
          <params>
            <param index="0">
              <value>
                <![CDATA[org.testng.TestRunner@4f3bbf68]]>
              </value>
            </param>
          </params>
          <reporter-output>
          </reporter-output>
        </test-method> <!-- setupDriver -->
        <test-method status="PASS" signature="search(java.lang.String)[pri:0, instance:com.searchmodule.tests.SearchTest@643b1d11]" name="search" duration-ms="13925" started-at="2020-05-20T22:55:19 GMT" finished-at="2020-05-20T22:55:33 GMT">
          <params>
            <param index="0">
              <value>
                <![CDATA[docker]]>
              </value>
            </param>
          </params>
          <reporter-output>
          </reporter-output>
        </test-method> <!-- search -->
        <test-method status="PASS" signature="quitDriver()[pri:0, instance:com.searchmodule.tests.SearchTest@643b1d11]" name="quitDriver" is-config="true" duration-ms="71" started-at="2020-05-20T22:55:33 GMT" finished-at="2020-05-20T22:55:33 GMT">
          <reporter-output>
          </reporter-output>
        </test-method> <!-- quitDriver -->
      </class> <!-- com.searchmodule.tests.SearchTest -->
    </test> <!-- search-test-docker -->
    <test name="search-test-kubernetes" duration-ms="11316" started-at="2020-05-20T22:55:33 GMT" finished-at="2020-05-20T22:55:44 GMT">
      <class name="com.searchmodule.tests.SearchTest">
        <test-method status="PASS" signature="setupDriver(org.testng.ITestContext)[pri:0, instance:com.searchmodule.tests.SearchTest@396a51ab]" name="setupDriver" is-config="true" duration-ms="1691" started-at="2020-05-20T22:55:33 GMT" finished-at="2020-05-20T22:55:35 GMT">
          <params>
            <param index="0">
              <value>
                <![CDATA[org.testng.TestRunner@5be46f9d]]>
              </value>
            </param>
          </params>
          <reporter-output>
          </reporter-output>
        </test-method> <!-- setupDriver -->
        <test-method status="PASS" signature="search(java.lang.String)[pri:0, instance:com.searchmodule.tests.SearchTest@396a51ab]" name="search" duration-ms="9522" started-at="2020-05-20T22:55:35 GMT" finished-at="2020-05-20T22:55:44 GMT">
          <params>
            <param index="0">
              <value>
                <![CDATA[kubernetes]]>
              </value>
            </param>
          </params>
          <reporter-output>
          </reporter-output>
        </test-method> <!-- search -->
        <test-method status="PASS" signature="quitDriver()[pri:0, instance:com.searchmodule.tests.SearchTest@396a51ab]" name="quitDriver" is-config="true" duration-ms="101" started-at="2020-05-20T22:55:44 GMT" finished-at="2020-05-20T22:55:44 GMT">
          <reporter-output>
          </reporter-output>
        </test-method> <!-- quitDriver -->
      </class> <!-- com.searchmodule.tests.SearchTest -->
    </test> <!-- search-test-kubernetes -->
  </suite> <!-- search-module -->
</testng-results>
